2025-10-02 22:32:11 [info] hb state=normal cpu=0 gpu=0 game=False
2025-10-02 22:32:23 [info] L-Connect swap -> MB_on
2025-10-02 22:32:24 [info] L-Connect swap -> MB_off
2025-10-02 22:32:24 [info] auto-sync fans -> MB_off due to external plan change
2025-10-02 22:32:25 [info] L-Connect swap -> MB_on
2025-10-02 22:32:25 [info] auto-sync fans -> MB_on due to external plan change
2025-10-02 22:32:26 [info] hb state=normal cpu=16 gpu=0 game=False
2025-10-02 22:32:41 [info] hb state=normal cpu=16 gpu=0 game=False
2025-10-02 22:32:56 [info] hb state=normal cpu=15 gpu=0 game=False
2025-10-02 22:33:12 [info] hb state=normal cpu=14 gpu=0 game=False
2025-10-02 22:33:27 [info] hb state=normal cpu=11 gpu=0 game=False
2025-10-02 22:33:42 [info] hb state=normal cpu=9 gpu=0 game=False
2025-10-02 22:33:58 [info] hb state=normal cpu=9 gpu=0 game=False
2025-10-02 22:34:13 [info] hb state=normal cpu=8 gpu=0 game=False
2025-10-02 22:34:28 [info] hb state=normal cpu=13 gpu=0 game=False
2025-10-02 22:34:43 [info] hb state=normal cpu=13 gpu=0 game=False
2025-10-02 22:34:59 [info] hb state=normal cpu=9 gpu=0 game=False
2025-10-02 22:35:14 [info] hb state=normal cpu=9 gpu=0 game=False
2025-10-02 22:35:29 [info] hb state=normal cpu=11 gpu=0 game=False
2025-10-02 22:35:44 [info] hb state=normal cpu=14 gpu=0 game=False
2025-10-02 22:36:00 [info] hb state=normal cpu=9 gpu=0 game=False
2025-10-02 22:36:15 [info] hb state=normal cpu=11 gpu=0 game=False
2025-10-02 22:36:30 [info] hb state=normal cpu=16 gpu=0 game=False
2025-10-02 22:36:46 [info] hb state=normal cpu=14 gpu=0 game=False
2025-10-02 22:37:01 [info] hb state=normal cpu=8 gpu=0 game=False
2025-10-02 22:37:16 [info] hb state=normal cpu=13 gpu=0 game=False
2025-10-02 22:37:31 [info] hb state=normal cpu=12 gpu=0 game=False
2025-10-02 22:37:47 [info] hb state=normal cpu=8 gpu=0 game=False
2025-10-02 22:38:02 [info] hb state=normal cpu=12 gpu=0 game=False
2025-10-02 22:38:17 [info] hb state=normal cpu=25 gpu=0 game=False
2025-10-02 22:38:32 [info] hb state=normal cpu=9 gpu=0 game=False
2025-10-02 22:38:48 [info] hb state=normal cpu=10 gpu=0 game=False
2025-10-02 22:39:03 [info] hb state=normal cpu=11 gpu=0 game=False
2025-10-02 22:39:18 [info] hb state=normal cpu=11 gpu=0 game=False
2025-10-02 22:39:33 [info] hb state=normal cpu=10 gpu=0 game=False
2025-10-02 22:39:49 [info] hb state=normal cpu=8 gpu=0 game=False
2025-10-02 22:40:04 [info] hb state=normal cpu=12 gpu=0 game=False
2025-10-02 22:40:19 [info] hb state=normal cpu=8 gpu=0 game=False
2025-10-02 22:40:34 [info] hb state=normal cpu=12 gpu=0 game=False
2025-10-02 22:40:50 [info] hb state=normal cpu=9 gpu=0 game=False
2025-10-02 22:41:05 [info] hb state=normal cpu=13 gpu=0 game=False
2025-10-02 22:41:20 [info] hb state=normal cpu=14 gpu=0 game=False
2025-10-02 22:41:36 [info] hb state=normal cpu=12 gpu=0 game=False
2025-10-02 22:41:51 [info] hb state=normal cpu=11 gpu=0 game=False
2025-10-02 22:42:06 [info] hb state=normal cpu=17 gpu=0 game=False
2025-10-02 22:42:21 [info] L-Connect swap -> MB_off
2025-10-02 22:42:21 [info] hb state=normal cpu=19 gpu=0 game=False
2025-10-02 22:42:22 [info] L-Connect swap -> MB_on
2025-10-02 22:42:22 [info] auto-sync fans -> MB_on due to external plan change
2025-10-02 22:42:24 [info] L-Connect swap -> MB_off
2025-10-02 22:42:24 [info] auto-sync fans -> MB_off due to external plan change
2025-10-02 22:42:37 [info] hb state=normal cpu=15 gpu=0 game=False
2025-10-02 22:42:52 [info] hb state=normal cpu=12 gpu=0 game=False
2025-10-02 22:43:07 [info] hb state=normal cpu=12 gpu=0 game=False
2025-10-02 22:43:22 [info] hb state=normal cpu=11 gpu=0 game=False
2025-10-02 22:43:38 [info] hb state=normal cpu=18 gpu=0 game=False
2025-10-02 22:43:53 [info] hb state=normal cpu=13 gpu=0 game=False
2025-10-02 22:44:08 [info] hb state=normal cpu=11 gpu=0 game=False
2025-10-02 22:44:23 [info] hb state=normal cpu=11 gpu=0 game=False
2025-10-02 22:44:39 [info] hb state=normal cpu=14 gpu=0 game=False
2025-10-02 22:44:54 [info] hb state=normal cpu=14 gpu=0 game=False
2025-10-02 22:45:09 [info] hb state=normal cpu=14 gpu=0 game=False
2025-10-02 22:45:24 [info] hb state=normal cpu=13 gpu=0 game=False
2025-10-02 22:45:40 [info] hb state=normal cpu=13 gpu=0 game=False
2025-10-02 22:45:55 [info] hb state=normal cpu=14 gpu=0 game=False
2025-10-02 22:46:10 [info] hb state=normal cpu=14 gpu=0 game=False
2025-10-02 22:46:25 [info] hb state=normal cpu=13 gpu=0 game=False
2025-10-02 22:46:41 [info] hb state=normal cpu=11 gpu=0 game=False
2025-10-02 22:46:56 [info] hb state=normal cpu=11 gpu=0 game=False
2025-10-02 22:47:11 [info] hb state=normal cpu=13 gpu=0 game=False
2025-10-02 22:47:26 [info] hb state=normal cpu=13 gpu=0 game=False
2025-10-02 22:47:42 [info] hb state=normal cpu=12 gpu=0 game=False
2025-10-02 22:47:57 [info] hb state=normal cpu=12 gpu=0 game=False
2025-10-02 22:48:12 [info] hb state=normal cpu=13 gpu=0 game=False
2025-10-02 22:48:27 [info] hb state=normal cpu=11 gpu=0 game=False
2025-10-02 22:48:43 [info] hb state=normal cpu=13 gpu=0 game=False
2025-10-02 22:48:58 [info] hb state=normal cpu=14 gpu=0 game=False
2025-10-02 22:49:13 [info] hb state=normal cpu=12 gpu=0 game=False
2025-10-02 22:49:28 [info] hb state=normal cpu=13 gpu=0 game=False
2025-10-02 22:49:44 [info] hb state=normal cpu=13 gpu=0 game=False
2025-10-02 22:49:59 [info] hb state=normal cpu=10 gpu=0 game=False
2025-10-02 22:50:14 [info] hb state=normal cpu=12 gpu=0 game=False
2025-10-02 22:50:29 [info] hb state=normal cpu=18 gpu=0 game=False
2025-10-02 22:50:45 [info] hb state=normal cpu=11 gpu=0 game=False
2025-10-02 22:51:00 [info] hb state=normal cpu=9 gpu=0 game=False
2025-10-02 22:51:15 [info] hb state=normal cpu=9 gpu=0 game=False
2025-10-02 22:51:30 [info] hb state=normal cpu=12 gpu=0 game=False
2025-10-02 22:51:46 [info] hb state=normal cpu=15 gpu=0 game=False
2025-10-02 22:52:01 [info] hb state=normal cpu=12 gpu=0 game=False
2025-10-02 22:52:16 [info] hb state=normal cpu=11 gpu=0 game=False
2025-10-02 22:52:31 [info] hb state=normal cpu=10 gpu=0 game=False
2025-10-02 22:52:47 [info] hb state=normal cpu=10 gpu=0 game=False
2025-10-02 22:53:02 [info] hb state=normal cpu=9 gpu=0 game=False
2025-10-02 22:53:17 [info] hb state=normal cpu=13 gpu=0 game=False
2025-10-02 22:53:32 [info] hb state=normal cpu=16 gpu=0 game=False
2025-10-02 22:53:48 [info] hb state=normal cpu=8 gpu=0 game=False
2025-10-02 22:54:03 [info] hb state=normal cpu=9 gpu=0 game=False
2025-10-02 22:54:18 [info] hb state=normal cpu=13 gpu=0 game=False
2025-10-02 22:54:33 [info] hb state=normal cpu=9 gpu=0 game=False
2025-10-02 22:54:49 [info] hb state=normal cpu=12 gpu=0 game=False
2025-10-02 22:55:04 [info] hb state=normal cpu=7 gpu=0 game=False
2025-10-02 22:55:19 [info] hb state=normal cpu=12 gpu=0 game=False
2025-10-02 22:55:34 [info] hb state=normal cpu=10 gpu=0 game=False
2025-10-02 22:55:50 [info] hb state=normal cpu=12 gpu=0 game=False
2025-10-02 22:56:05 [info] hb state=normal cpu=13 gpu=0 game=False
2025-10-02 22:56:20 [info] hb state=normal cpu=15 gpu=0 game=False
2025-10-02 22:56:35 [info] hb state=normal cpu=12 gpu=0 game=False
2025-10-02 22:56:51 [info] hb state=normal cpu=10 gpu=0 game=False
2025-10-02 22:57:06 [info] hb state=normal cpu=10 gpu=0 game=False
2025-10-02 22:57:21 [info] hb state=normal cpu=10 gpu=0 game=False
2025-10-02 22:57:36 [info] hb state=normal cpu=35 gpu=0 game=False
2025-10-02 22:57:52 [info] hb state=normal cpu=13 gpu=0 game=False
2025-10-02 22:58:07 [info] hb state=normal cpu=18 gpu=0 game=False
2025-10-02 22:58:22 [info] hb state=normal cpu=11 gpu=0 game=False
2025-10-02 22:58:38 [info] hb state=normal cpu=17 gpu=0 game=False
2025-10-02 22:58:53 [info] hb state=normal cpu=10 gpu=0 game=False
2025-10-02 22:59:08 [info] hb state=normal cpu=12 gpu=0 game=False
2025-10-02 22:59:23 [info] hb state=normal cpu=12 gpu=0 game=False
2025-10-02 22:59:39 [info] hb state=normal cpu=11 gpu=0 game=False
2025-10-02 22:59:54 [info] hb state=normal cpu=11 gpu=0 game=False
2025-10-02 23:00:09 [info] hb state=normal cpu=10 gpu=0 game=False
2025-10-02 23:00:24 [info] hb state=normal cpu=13 gpu=0 game=False
2025-10-02 23:00:40 [info] hb state=normal cpu=14 gpu=0 game=False
2025-10-02 23:00:55 [info] hb state=normal cpu=20 gpu=0 game=False
2025-10-02 23:01:10 [info] hb state=normal cpu=12 gpu=0 game=False
2025-10-02 23:01:25 [info] hb state=normal cpu=20 gpu=0 game=False
2025-10-02 23:01:41 [info] hb state=normal cpu=13 gpu=0 game=False
2025-10-02 23:01:56 [info] hb state=normal cpu=14 gpu=0 game=False
2025-10-02 23:02:11 [info] hb state=normal cpu=10 gpu=0 game=False
2025-10-02 23:02:27 [info] hb state=normal cpu=12 gpu=0 game=False
2025-10-02 23:02:42 [info] hb state=normal cpu=10 gpu=0 game=False
2025-10-02 23:02:57 [info] hb state=normal cpu=12 gpu=0 game=False
2025-10-02 23:03:12 [info] hb state=normal cpu=16 gpu=0 game=False
2025-10-02 23:03:28 [info] hb state=normal cpu=13 gpu=0 game=False
2025-10-02 23:03:43 [info] hb state=normal cpu=9 gpu=0 game=False
2025-10-02 23:03:58 [info] hb state=normal cpu=9 gpu=0 game=False
2025-10-02 23:04:13 [info] hb state=normal cpu=11 gpu=0 game=False
2025-10-02 23:04:29 [info] hb state=normal cpu=9 gpu=0 game=False
2025-10-02 23:04:44 [info] hb state=normal cpu=11 gpu=0 game=False
2025-10-02 23:04:59 [info] hb state=normal cpu=11 gpu=0 game=False
2025-10-02 23:05:14 [info] hb state=normal cpu=18 gpu=0 game=False
2025-10-02 23:05:30 [info] hb state=normal cpu=14 gpu=0 game=False
2025-10-02 23:05:45 [info] hb state=normal cpu=15 gpu=0 game=False
2025-10-02 23:06:00 [info] hb state=normal cpu=15 gpu=0 game=False
2025-10-02 23:06:15 [info] hb state=normal cpu=12 gpu=0 game=False
2025-10-02 23:06:31 [info] hb state=normal cpu=15 gpu=0 game=False
2025-10-02 23:06:46 [info] hb state=normal cpu=11 gpu=0 game=False
2025-10-02 23:07:01 [info] hb state=normal cpu=13 gpu=0 game=False
2025-10-02 23:07:16 [info] hb state=normal cpu=13 gpu=0 game=False
2025-10-02 23:07:32 [info] hb state=normal cpu=12 gpu=0 game=False
2025-10-02 23:07:47 [info] hb state=normal cpu=12 gpu=0 game=False
2025-10-02 23:08:02 [info] hb state=normal cpu=14 gpu=0 game=False
2025-10-02 23:08:17 [info] hb state=normal cpu=15 gpu=0 game=False
2025-10-02 23:08:33 [info] hb state=normal cpu=12 gpu=0 game=False
2025-10-02 23:08:48 [info] hb state=normal cpu=12 gpu=0 game=False
2025-10-02 23:09:03 [info] hb state=normal cpu=12 gpu=0 game=False
2025-10-02 23:09:18 [info] hb state=normal cpu=10 gpu=0 game=False
2025-10-02 23:09:33 [info] hb state=normal cpu=12 gpu=0 game=False
2025-10-02 23:09:49 [info] hb state=normal cpu=22 gpu=0 game=False
2025-10-02 23:10:04 [info] hb state=normal cpu=10 gpu=0 game=False
2025-10-02 23:10:19 [info] hb state=normal cpu=9 gpu=0 game=False
2025-10-02 23:10:35 [info] hb state=normal cpu=9 gpu=0 game=False
2025-10-02 23:10:50 [info] hb state=normal cpu=9 gpu=0 game=False
2025-10-02 23:11:05 [info] hb state=normal cpu=12 gpu=0 game=False
2025-10-02 23:11:20 [info] hb state=normal cpu=10 gpu=0 game=False
2025-10-02 23:11:36 [info] hb state=normal cpu=15 gpu=0 game=False
2025-10-02 23:11:51 [info] hb state=normal cpu=11 gpu=0 game=False
2025-10-02 23:12:06 [info] hb state=normal cpu=9 gpu=0 game=False
2025-10-02 23:12:21 [info] hb state=normal cpu=11 gpu=0 game=False
2025-10-02 23:12:37 [info] hb state=normal cpu=12 gpu=0 game=False
2025-10-02 23:12:52 [info] hb state=normal cpu=11 gpu=0 game=False
2025-10-02 23:13:07 [info] hb state=normal cpu=8 gpu=0 game=False
2025-10-02 23:13:22 [info] hb state=normal cpu=8 gpu=0 game=False
2025-10-02 23:13:38 [info] hb state=normal cpu=8 gpu=0 game=False
2025-10-02 23:13:53 [info] hb state=normal cpu=12 gpu=0 game=False
2025-10-02 23:14:08 [info] hb state=normal cpu=10 gpu=0 game=False
2025-10-02 23:14:24 [info] hb state=normal cpu=10 gpu=0 game=False
2025-10-02 23:14:39 [info] hb state=normal cpu=10 gpu=0 game=False
2025-10-02 23:14:54 [info] hb state=normal cpu=9 gpu=0 game=False
2025-10-02 23:15:09 [info] hb state=normal cpu=14 gpu=0 game=False
2025-10-02 23:15:25 [info] hb state=normal cpu=16 gpu=0 game=False
2025-10-02 23:15:40 [info] hb state=normal cpu=10 gpu=0 game=False
2025-10-02 23:15:55 [info] hb state=normal cpu=18 gpu=0 game=False
2025-10-02 23:16:10 [info] hb state=normal cpu=15 gpu=0 game=False
2025-10-02 23:16:26 [info] hb state=normal cpu=17 gpu=0 game=False
2025-10-02 23:16:41 [info] hb state=normal cpu=10 gpu=0 game=False
2025-10-02 23:16:56 [info] hb state=normal cpu=13 gpu=0 game=False
2025-10-02 23:17:12 [info] hb state=normal cpu=12 gpu=0 game=False
2025-10-02 23:17:27 [info] hb state=normal cpu=11 gpu=0 game=False
2025-10-02 23:17:42 [info] hb state=normal cpu=9 gpu=0 game=False
2025-10-02 23:17:57 [info] hb state=normal cpu=10 gpu=0 game=False
2025-10-02 23:18:13 [info] hb state=normal cpu=11 gpu=0 game=False
2025-10-02 23:18:28 [info] hb state=normal cpu=12 gpu=0 game=False
2025-10-02 23:18:43 [info] hb state=normal cpu=14 gpu=0 game=False
2025-10-02 23:18:58 [info] hb state=normal cpu=19 gpu=0 game=False
2025-10-02 23:19:14 [info] hb state=normal cpu=9 gpu=0 game=False
2025-10-02 23:19:29 [info] hb state=normal cpu=9 gpu=0 game=False
2025-10-02 23:19:44 [info] hb state=normal cpu=9 gpu=0 game=False
2025-10-02 23:19:59 [info] hb state=normal cpu=10 gpu=0 game=False
2025-10-02 23:20:15 [info] hb state=normal cpu=9 gpu=0 game=False
2025-10-02 23:20:30 [info] hb state=normal cpu=9 gpu=0 game=False
2025-10-02 23:20:45 [info] hb state=normal cpu=9 gpu=0 game=False
2025-10-02 23:21:00 [info] hb state=normal cpu=13 gpu=0 game=False
2025-10-02 23:21:16 [info] hb state=normal cpu=11 gpu=0 game=False
2025-10-02 23:21:31 [info] hb state=normal cpu=15 gpu=0 game=False
2025-10-02 23:21:46 [info] hb state=normal cpu=13 gpu=0 game=False
2025-10-02 23:22:02 [info] hb state=normal cpu=10 gpu=0 game=False
2025-10-02 23:22:17 [info] hb state=normal cpu=10 gpu=0 game=False
2025-10-02 23:22:32 [info] hb state=normal cpu=12 gpu=0 game=False
2025-10-02 23:22:47 [info] hb state=normal cpu=9 gpu=0 game=False
2025-10-02 23:23:03 [info] hb state=normal cpu=11 gpu=0 game=False
2025-10-02 23:23:18 [info] hb state=normal cpu=10 gpu=0 game=False
2025-10-02 23:23:33 [info] hb state=normal cpu=11 gpu=0 game=False
2025-10-02 23:23:48 [info] hb state=normal cpu=12 gpu=0 game=False
2025-10-02 23:24:04 [info] hb state=normal cpu=20 gpu=0 game=False
2025-10-02 23:24:19 [info] hb state=normal cpu=13 gpu=0 game=False
2025-10-02 23:24:34 [info] hb state=normal cpu=11 gpu=0 game=False
2025-10-02 23:24:50 [info] hb state=normal cpu=10 gpu=0 game=False
2025-10-02 23:25:05 [info] hb state=normal cpu=12 gpu=0 game=False
2025-10-02 23:25:20 [info] hb state=normal cpu=10 gpu=0 game=False
2025-10-02 23:25:35 [info] hb state=normal cpu=11 gpu=0 game=False
2025-10-02 23:25:51 [info] hb state=normal cpu=9 gpu=0 game=False
2025-10-02 23:26:06 [info] hb state=normal cpu=16 gpu=0 game=False
2025-10-02 23:26:21 [info] hb state=normal cpu=9 gpu=0 game=False
2025-10-02 23:26:36 [info] hb state=normal cpu=11 gpu=0 game=False
2025-10-02 23:26:52 [info] hb state=normal cpu=9 gpu=0 game=False
2025-10-02 23:27:07 [info] hb state=normal cpu=11 gpu=0 game=False
2025-10-02 23:27:22 [info] hb state=normal cpu=9 gpu=0 game=False
2025-10-02 23:27:37 [info] hb state=normal cpu=10 gpu=0 game=False
2025-10-02 23:27:53 [info] hb state=normal cpu=14 gpu=0 game=False
2025-10-02 23:28:08 [info] hb state=normal cpu=11 gpu=0 game=False
2025-10-02 23:28:23 [info] hb state=normal cpu=9 gpu=0 game=False
2025-10-02 23:28:38 [info] hb state=normal cpu=16 gpu=0 game=False
2025-10-02 23:28:54 [info] hb state=normal cpu=12 gpu=0 game=False
2025-10-02 23:29:09 [info] hb state=normal cpu=11 gpu=0 game=False
2025-10-02 23:29:24 [info] hb state=normal cpu=10 gpu=0 game=False
2025-10-02 23:29:39 [info] hb state=normal cpu=10 gpu=0 game=False
2025-10-02 23:29:55 [info] hb state=normal cpu=12 gpu=0 game=False
2025-10-02 23:30:10 [info] hb state=normal cpu=17 gpu=0 game=False
2025-10-02 23:30:25 [info] hb state=normal cpu=18 gpu=0 game=False
2025-10-02 23:30:40 [info] hb state=normal cpu=14 gpu=0 game=False
2025-10-02 23:30:56 [info] hb state=normal cpu=17 gpu=0 game=False
2025-10-02 23:31:11 [info] hb state=normal cpu=12 gpu=0 game=False
2025-10-02 23:31:26 [info] hb state=normal cpu=17 gpu=0 game=False
2025-10-02 23:31:41 [info] hb state=normal cpu=15 gpu=0 game=False
2025-10-02 23:31:57 [info] hb state=normal cpu=17 gpu=0 game=False
2025-10-02 23:32:12 [info] hb state=normal cpu=17 gpu=0 game=False
2025-10-02 23:32:27 [info] hb state=normal cpu=13 gpu=0 game=False
2025-10-02 23:32:42 [info] hb state=normal cpu=10 gpu=0 game=False
2025-10-02 23:32:58 [info] hb state=normal cpu=10 gpu=0 game=False
2025-10-02 23:33:13 [info] hb state=normal cpu=10 gpu=0 game=False
2025-10-02 23:33:28 [info] hb state=normal cpu=11 gpu=0 game=False
2025-10-02 23:33:43 [info] hb state=normal cpu=10 gpu=0 game=False
2025-10-02 23:33:59 [info] hb state=normal cpu=9 gpu=0 game=False
2025-10-02 23:34:14 [info] hb state=normal cpu=11 gpu=0 game=False
2025-10-02 23:34:29 [info] hb state=normal cpu=10 gpu=0 game=False
2025-10-02 23:34:44 [info] hb state=normal cpu=9 gpu=0 game=False
2025-10-02 23:35:00 [info] hb state=normal cpu=9 gpu=0 game=False
2025-10-02 23:35:15 [info] hb state=normal cpu=11 gpu=0 game=False
2025-10-02 23:35:30 [info] hb state=normal cpu=12 gpu=0 game=False
2025-10-02 23:35:46 [info] hb state=normal cpu=15 gpu=0 game=False
2025-10-02 23:36:01 [info] hb state=normal cpu=12 gpu=0 game=False
2025-10-02 23:36:16 [info] hb state=normal cpu=10 gpu=0 game=False
2025-10-02 23:36:31 [info] hb state=normal cpu=10 gpu=0 game=False
2025-10-02 23:36:47 [info] hb state=normal cpu=11 gpu=0 game=False
2025-10-02 23:37:02 [info] hb state=normal cpu=9 gpu=0 game=False
2025-10-02 23:37:17 [info] hb state=normal cpu=14 gpu=0 game=False
2025-10-02 23:37:32 [info] hb state=normal cpu=14 gpu=0 game=False
2025-10-02 23:37:48 [info] hb state=normal cpu=13 gpu=0 game=False
2025-10-02 23:38:03 [info] hb state=normal cpu=8 gpu=0 game=False
2025-10-02 23:38:18 [info] hb state=normal cpu=12 gpu=0 game=False
2025-10-02 23:38:33 [info] hb state=normal cpu=10 gpu=0 game=False
2025-10-02 23:38:49 [info] hb state=normal cpu=14 gpu=0 game=False
2025-10-02 23:39:04 [info] hb state=normal cpu=12 gpu=0 game=False
2025-10-02 23:39:19 [info] hb state=normal cpu=11 gpu=0 game=False
2025-10-02 23:39:34 [info] hb state=normal cpu=10 gpu=0 game=False
2025-10-02 23:39:50 [info] hb state=normal cpu=11 gpu=0 game=False
2025-10-02 23:40:05 [info] hb state=normal cpu=9 gpu=0 game=False
2025-10-02 23:40:20 [info] hb state=normal cpu=11 gpu=0 game=False
2025-10-02 23:40:35 [info] hb state=normal cpu=9 gpu=0 game=False
2025-10-02 23:40:51 [info] hb state=normal cpu=10 gpu=0 game=False
2025-10-02 23:41:06 [info] hb state=normal cpu=12 gpu=0 game=False
2025-10-02 23:41:21 [info] hb state=normal cpu=11 gpu=0 game=False
2025-10-02 23:41:36 [info] hb state=normal cpu=10 gpu=0 game=False
2025-10-02 23:41:52 [info] hb state=normal cpu=10 gpu=0 game=False
2025-10-02 23:42:07 [info] hb state=normal cpu=13 gpu=0 game=False
2025-10-02 23:42:22 [info] hb state=normal cpu=12 gpu=0 game=False
2025-10-02 23:42:37 [info] hb state=normal cpu=12 gpu=0 game=False
2025-10-02 23:42:52 [info] hb state=normal cpu=10 gpu=0 game=False
2025-10-02 23:43:08 [info] hb state=normal cpu=9 gpu=0 game=False
2025-10-02 23:43:23 [info] hb state=normal cpu=11 gpu=0 game=False
2025-10-02 23:43:38 [info] hb state=normal cpu=11 gpu=0 game=False
2025-10-02 23:43:53 [info] hb state=normal cpu=10 gpu=0 game=False
2025-10-02 23:44:09 [info] hb state=normal cpu=9 gpu=0 game=False
2025-10-02 23:44:24 [info] hb state=normal cpu=12 gpu=0 game=False
2025-10-02 23:44:39 [info] hb state=normal cpu=9 gpu=0 game=False
2025-10-02 23:44:54 [info] hb state=normal cpu=9 gpu=0 game=False
2025-10-02 23:45:10 [info] hb state=normal cpu=8 gpu=0 game=False
2025-10-02 23:45:25 [info] hb state=normal cpu=11 gpu=0 game=False
2025-10-02 23:45:40 [info] hb state=normal cpu=9 gpu=0 game=False
2025-10-02 23:45:55 [info] hb state=normal cpu=13 gpu=0 game=False
2025-10-02 23:46:11 [info] hb state=normal cpu=13 gpu=0 game=False
2025-10-02 23:46:26 [info] hb state=normal cpu=15 gpu=0 game=False
2025-10-02 23:46:41 [info] hb state=normal cpu=9 gpu=0 game=False
2025-10-02 23:46:56 [info] hb state=normal cpu=14 gpu=0 game=False
2025-10-02 23:47:12 [info] hb state=normal cpu=10 gpu=0 game=False
2025-10-02 23:47:27 [info] hb state=normal cpu=13 gpu=0 game=False
2025-10-02 23:47:42 [info] hb state=normal cpu=10 gpu=0 game=False
2025-10-02 23:47:57 [info] hb state=normal cpu=11 gpu=0 game=False
2025-10-02 23:48:13 [info] hb state=normal cpu=15 gpu=0 game=False
2025-10-02 23:48:28 [info] hb state=normal cpu=12 gpu=0 game=False
2025-10-02 23:48:43 [info] hb state=normal cpu=11 gpu=0 game=False
2025-10-02 23:48:58 [info] hb state=normal cpu=10 gpu=0 game=False
2025-10-02 23:49:14 [info] hb state=normal cpu=12 gpu=0 game=False
2025-10-02 23:49:29 [info] hb state=normal cpu=10 gpu=0 game=False
2025-10-02 23:49:44 [info] hb state=normal cpu=9 gpu=0 game=False
2025-10-02 23:49:59 [info] hb state=normal cpu=13 gpu=0 game=False
2025-10-02 23:50:15 [info] hb state=normal cpu=13 gpu=0 game=False
2025-10-02 23:50:30 [info] hb state=normal cpu=13 gpu=0 game=False
2025-10-02 23:50:45 [info] hb state=normal cpu=11 gpu=0 game=False
2025-10-02 23:51:00 [info] hb state=normal cpu=15 gpu=0 game=False
2025-10-02 23:51:16 [info] hb state=normal cpu=12 gpu=0 game=False
2025-10-02 23:51:31 [info] hb state=normal cpu=12 gpu=0 game=False
2025-10-02 23:51:46 [info] hb state=normal cpu=16 gpu=0 game=False
2025-10-02 23:52:01 [info] hb state=normal cpu=11 gpu=0 game=False
2025-10-02 23:52:17 [info] hb state=normal cpu=14 gpu=0 game=False
2025-10-02 23:52:32 [info] hb state=normal cpu=11 gpu=0 game=False
2025-10-02 23:52:47 [info] hb state=normal cpu=10 gpu=0 game=False
2025-10-02 23:53:02 [info] hb state=normal cpu=13 gpu=0 game=False
2025-10-02 23:53:18 [info] hb state=normal cpu=15 gpu=0 game=False
2025-10-02 23:53:33 [info] hb state=normal cpu=13 gpu=0 game=False
2025-10-02 23:53:48 [info] hb state=normal cpu=12 gpu=0 game=False
2025-10-02 23:54:03 [info] hb state=normal cpu=11 gpu=0 game=False
2025-10-02 23:54:19 [info] hb state=normal cpu=14 gpu=0 game=False
2025-10-02 23:54:34 [info] hb state=normal cpu=12 gpu=0 game=False
2025-10-02 23:54:49 [info] hb state=normal cpu=14 gpu=0 game=False
2025-10-02 23:55:05 [info] hb state=normal cpu=14 gpu=0 game=False
2025-10-02 23:55:20 [info] hb state=normal cpu=11 gpu=0 game=False
2025-10-02 23:55:35 [info] hb state=normal cpu=15 gpu=0 game=False
2025-10-02 23:55:50 [info] hb state=normal cpu=14 gpu=0 game=False
2025-10-02 23:56:06 [info] hb state=normal cpu=14 gpu=0 game=False
2025-10-02 23:56:21 [info] hb state=normal cpu=12 gpu=0 game=False
2025-10-02 23:56:36 [info] hb state=normal cpu=13 gpu=0 game=False
2025-10-02 23:56:51 [info] hb state=normal cpu=12 gpu=0 game=False
2025-10-02 23:57:07 [info] hb state=normal cpu=10 gpu=0 game=False
2025-10-02 23:57:22 [info] hb state=normal cpu=12 gpu=0 game=False
2025-10-02 23:57:37 [info] hb state=normal cpu=12 gpu=0 game=False
2025-10-02 23:57:52 [info] hb state=normal cpu=11 gpu=0 game=False
2025-10-02 23:58:08 [info] hb state=normal cpu=12 gpu=0 game=False
2025-10-02 23:58:23 [info] hb state=normal cpu=9 gpu=0 game=False
2025-10-02 23:58:38 [info] hb state=normal cpu=10 gpu=0 game=False
2025-10-02 23:58:53 [info] hb state=normal cpu=8 gpu=0 game=False
2025-10-02 23:59:09 [info] hb state=normal cpu=10 gpu=0 game=False
2025-10-02 23:59:24 [info] hb state=normal cpu=9 gpu=0 game=False
2025-10-02 23:59:39 [info] hb state=normal cpu=10 gpu=0 game=False
2025-10-02 23:59:54 [info] hb state=normal cpu=11 gpu=0 game=False
